2025-03-19 18:24:45,115 - collecting all words and their counts
2025-03-19 18:24:45,115 - PROGRESS: at sentence #0, processed 0 words, keeping 0 word types
2025-03-19 18:24:45,115 - collected 374 word types from a corpus of 894 raw words and 231 sentences
2025-03-19 18:24:45,115 - Creating a fresh vocabulary
2025-03-19 18:24:45,132 - Word2Vec lifecycle event {'msg': 'effective_min_count=1 retains 374 unique words (100.00% of original 374, drops 0)', 'datetime': '2025-03-19T18:24:45.116217', 'gensim': '4.3.3', 'python': '3.12.7 | packaged by Anaconda, Inc. | (main, Oct  4 2024, 08:22:19) [Clang 14.0.6 ]', 'platform': 'macOS-15.3.2-arm64-arm-64bit', 'event': 'prepare_vocab'}
2025-03-19 18:24:45,132 - Word2Vec lifecycle event {'msg': 'effective_min_count=1 leaves 894 word corpus (100.00% of original 894, drops 0)', 'datetime': '2025-03-19T18:24:45.132177', 'gensim': '4.3.3', 'python': '3.12.7 | packaged by Anaconda, Inc. | (main, Oct  4 2024, 08:22:19) [Clang 14.0.6 ]', 'platform': 'macOS-15.3.2-arm64-arm-64bit', 'event': 'prepare_vocab'}
2025-03-19 18:24:45,132 - deleting the raw counts dictionary of 374 items
2025-03-19 18:24:45,133 - sample=0.001 downsamples 69 most-common words
2025-03-19 18:24:45,133 - Word2Vec lifecycle event {'msg': 'downsampling leaves estimated 608.499642737356 word corpus (68.1%% of prior 894)', 'datetime': '2025-03-19T18:24:45.133042', 'gensim': '4.3.3', 'python': '3.12.7 | packaged by Anaconda, Inc. | (main, Oct  4 2024, 08:22:19) [Clang 14.0.6 ]', 'platform': 'macOS-15.3.2-arm64-arm-64bit', 'event': 'prepare_vocab'}
2025-03-19 18:24:45,134 - estimated required memory for 374 words and 100 dimensions: 486200 bytes
2025-03-19 18:24:45,134 - resetting layer weights
2025-03-19 18:24:45,134 - Word2Vec lifecycle event {'update': False, 'trim_rule': 'None', 'datetime': '2025-03-19T18:24:45.134880', 'gensim': '4.3.3', 'python': '3.12.7 | packaged by Anaconda, Inc. | (main, Oct  4 2024, 08:22:19) [Clang 14.0.6 ]', 'platform': 'macOS-15.3.2-arm64-arm-64bit', 'event': 'build_vocab'}
2025-03-19 18:24:45,134 - Word2Vec lifecycle event {'msg': 'training model with 4 workers on 374 vocabulary and 100 features, using sg=0 hs=0 sample=0.001 negative=5 window=5 shrink_windows=True', 'datetime': '2025-03-19T18:24:45.134959', 'gensim': '4.3.3', 'python': '3.12.7 | packaged by Anaconda, Inc. | (main, Oct  4 2024, 08:22:19) [Clang 14.0.6 ]', 'platform': 'macOS-15.3.2-arm64-arm-64bit', 'event': 'train'}
2025-03-19 18:24:45,137 - EPOCH 0: training on 894 raw words (602 effective words) took 0.0s, 513780 effective words/s
2025-03-19 18:24:45,138 - EPOCH 1: training on 894 raw words (589 effective words) took 0.0s, 1167976 effective words/s
2025-03-19 18:24:45,139 - EPOCH 2: training on 894 raw words (617 effective words) took 0.0s, 1231741 effective words/s
2025-03-19 18:24:45,139 - EPOCH 3: training on 894 raw words (608 effective words) took 0.0s, 1221497 effective words/s
2025-03-19 18:24:45,140 - EPOCH 4: training on 894 raw words (641 effective words) took 0.0s, 1282000 effective words/s
2025-03-19 18:24:45,140 - Word2Vec lifecycle event {'msg': 'training on 4470 raw words (3057 effective words) took 0.0s, 530407 effective words/s', 'datetime': '2025-03-19T18:24:45.140756', 'gensim': '4.3.3', 'python': '3.12.7 | packaged by Anaconda, Inc. | (main, Oct  4 2024, 08:22:19) [Clang 14.0.6 ]', 'platform': 'macOS-15.3.2-arm64-arm-64bit', 'event': 'train'}
2025-03-19 18:24:45,140 - Word2Vec lifecycle event {'params': 'Word2Vec<vocab=374, vector_size=100, alpha=0.025>', 'datetime': '2025-03-19T18:24:45.140792', 'gensim': '4.3.3', 'python': '3.12.7 | packaged by Anaconda, Inc. | (main, Oct  4 2024, 08:22:19) [Clang 14.0.6 ]', 'platform': 'macOS-15.3.2-arm64-arm-64bit', 'event': 'created'}
2025-03-19 18:24:45,140 - Word2Vec lifecycle event {'fname_or_handle': 'logs_and_matrices/word2vec_menu.model', 'separately': 'None', 'sep_limit': 10485760, 'ignore': frozenset(), 'datetime': '2025-03-19T18:24:45.140846', 'gensim': '4.3.3', 'python': '3.12.7 | packaged by Anaconda, Inc. | (main, Oct  4 2024, 08:22:19) [Clang 14.0.6 ]', 'platform': 'macOS-15.3.2-arm64-arm-64bit', 'event': 'saving'}
2025-03-19 18:24:45,140 - not storing attribute cum_table
2025-03-19 18:24:45,142 - saved logs_and_matrices/word2vec_menu.model
2025-03-19 18:24:45,174 - ----------------------------ITEM RECOMMENDATION-----------------------------
2025-03-19 18:24:45,180 - Recommended items for order Grilled Chicken Bento (feeds 1-2): ['Szechwan Chicken Bento(四川雞便當)', 'Salted Salmon Bento (feeds 1-2)', 'A5 Wagyu Bento (feeds 1-2)', 'Fried Chicken Nuggets Bento(台式鹽酥雞便當)', 'Fried Chicken Thigh Bento(台式雞排便當)']
2025-03-19 18:24:45,180 - ----------------USER PERSONALIZED RECOMMENDATION-----------------------------
2025-03-19 18:24:45,191 - Recommended items for user 00975814695fafb3a7cb32b2dd307ff6a6e690a62aaa7eee0a814b64ae056426: [' 14. Green Curry with Eggplant', 'Mango Pudding with Small Chewy Ball', 'Mango crystal jelly 多芒亮晶晶', 'Mango delightful trio 多芒鸳鸯黑糯米', 'Mango slush with crystal jelly粒粒芒水晶晶']
2025-03-19 18:24:45,191 - ----------------HYBRID RECOMMENDATION-----------------------------
2025-03-19 18:24:45,226 - Recommended items for user 00975814695fafb3a7cb32b2dd307ff6a6e690a62aaa7eee0a814b64ae056426 and with cart items ['Grilled Chicken Bento (feeds 1-2)', 'Callister Cream Soda']: ['Marinated Tofu with Meat Sauce (滷香豆腐)', 'Masala Vada Pav ', 'Ginger Ale', 'Mango crystal jelly 多芒亮晶晶', 'Mango Pudding with Small Chewy Ball', 'Salted Salmon Bento (feeds 1-2)', ' 14. Green Curry with Eggplant', 'Fried Chicken Thigh Bento(台式雞排便當)', 'A5 Wagyu Bento (feeds 1-2)', 'Szechwan Chicken Bento(四川雞便當)']
