2025-03-11 18:13:40,666 - Importing the MENU ITEM JSON Files of Different Restaurants
2025-03-11 18:13:40,666 - Processing menu items for restaurant: mMxlfT2CB6nlWSbwtLbl
2025-03-11 18:13:40,667 - Successfully processed 74 items for restaurant: mMxlfT2CB6nlWSbwtLbl
2025-03-11 18:13:40,667 - Processing menu items for restaurant: FxPd8j5iWTbtvgmah8Z6
2025-03-11 18:13:40,668 - Successfully processed 93 items for restaurant: FxPd8j5iWTbtvgmah8Z6
2025-03-11 18:13:40,668 - Processing menu items for restaurant: k4elsyVbBmSu24TpNT8u
2025-03-11 18:13:40,670 - Successfully processed 113 items for restaurant: k4elsyVbBmSu24TpNT8u
2025-03-11 18:13:40,670 - Processing menu items for restaurant: sO7hcYzRudGq9id9wOvs
2025-03-11 18:13:40,670 - Successfully processed 61 items for restaurant: sO7hcYzRudGq9id9wOvs
2025-03-11 18:13:40,670 - Processing menu items for restaurant: ZoVPhvcboPFTsoSpdLNH
2025-03-11 18:13:40,671 - Successfully processed 48 items for restaurant: ZoVPhvcboPFTsoSpdLNH
2025-03-11 18:13:40,671 - Processing menu items for restaurant: ZIFwnuY716EUk2PG55IU
2025-03-11 18:13:40,672 - Successfully processed 76 items for restaurant: ZIFwnuY716EUk2PG55IU
2025-03-11 18:13:40,672 - Processing menu items for restaurant: kp87Hw65qxgTbabj66Q8
2025-03-11 18:13:40,673 - Successfully processed 45 items for restaurant: kp87Hw65qxgTbabj66Q8
2025-03-11 18:13:40,674 - Menu items data loaded into DataFrame with 510 records
2025-03-11 18:13:40,677 - Menu items CSV saved as 'logs_and_matrices/df_restaurant_menu.csv'
2025-03-11 18:13:40,677 - Importing Orders Files and making a matrix
2025-03-11 18:13:40,717 - Processed 1513 order items from Orders file
2025-03-11 18:13:40,717 - Orders data loaded into DataFrame with 1513 records
2025-03-11 18:13:40,721 - No duplicate menu item IDs found
2025-03-11 18:13:40,724 - Merged orders data with menu items data
2025-03-11 18:13:40,725 - Pivot table created with 231 one-hot encoded columns
2025-03-11 18:13:40,726 - Pivot table concatenated with orders data, redundant column removed
2025-03-11 18:13:40,731 - Data grouped by customer phone number. Final dataset contains 582 unique customers
2025-03-11 18:13:40,745 - User-to-menu item matrix CSV saved as 'logs_and_matrices/df_customer_item_matrix.csv'
2025-03-11 18:13:40,745 - User to menu items matrix creation process completed
